<?xml version="1.0" encoding="UTF-8"?>
<testng-results ignored="0" total="1" passed="1" failed="0" skipped="0">
  <reporter-output>
  </reporter-output>
  <suite started-at="2024-01-06T21:08:18 EST" name="Default suite" finished-at="2024-01-06T21:08:25 EST" duration-ms="6951">
    <groups>
    </groups>
    <test started-at="2024-01-06T21:08:18 EST" name="Default test" finished-at="2024-01-06T21:08:25 EST" duration-ms="6951">
      <class name="com.qaTestCase.AddToCartTest">
        <test-method is-config="true" signature="setup()[pri:0, instance:com.qaTestCase.AddToCartTest@534a5a98]" started-at="2024-01-06T21:08:18 EST" name="setup" finished-at="2024-01-06T21:08:23 EST" duration-ms="5217" status="PASS">
          <reporter-output>
          </reporter-output>
        </test-method> <!-- setup -->
        <test-method signature="AddToCart()[pri:0, instance:com.qaTestCase.AddToCartTest@534a5a98]" started-at="2024-01-06T21:08:23 EST" name="AddToCart" finished-at="2024-01-06T21:08:25 EST" duration-ms="1462" status="PASS">
          <reporter-output>
          </reporter-output>
        </test-method> <!-- AddToCart -->
        <test-method is-config="true" signature="teardown()[pri:0, instance:com.qaTestCase.AddToCartTest@534a5a98]" started-at="2024-01-06T21:08:25 EST" name="teardown" finished-at="2024-01-06T21:08:25 EST" duration-ms="230" status="PASS">
          <reporter-output>
          </reporter-output>
        </test-method> <!-- teardown -->
      </class> <!-- com.qaTestCase.AddToCartTest -->
    </test> <!-- Default test -->
  </suite> <!-- Default suite -->
</testng-results>
